[debug] [2022-05-17T14:40:48.469Z] ----------------------------------------------------------------------
[debug] [2022-05-17T14:40:48.471Z] Command:       C:\Program Files\nodejs\node.exe C:\Users\User\AppData\Roaming\npm\node_modules\firebase-tools\lib\bin\firebase.js init
[debug] [2022-05-17T14:40:48.472Z] CLI Version:   10.9.2
[debug] [2022-05-17T14:40:48.472Z] Platform:      win32
[debug] [2022-05-17T14:40:48.472Z] Node Version:  v16.13.1
[debug] [2022-05-17T14:40:48.472Z] Time:          Tue May 17 2022 20:40:48 GMT+0600 (Bangladesh Standard Time)
[debug] [2022-05-17T14:40:48.473Z] ----------------------------------------------------------------------
[debug] 
[debug] [2022-05-17T14:40:48.527Z] > command requires scopes: ["email","openid","https://www.googleapis.com/auth/cloudplatformprojects.readonly","https://www.googleapis.com/auth/firebase","https://www.googleapis.com/auth/cloud-platform"]
[debug] [2022-05-17T14:40:48.528Z] > authorizing via signed-in user (zobayed.ict05@gmail.com)
[info] 
     ######## #### ########  ######## ########     ###     ######  ########
     ##        ##  ##     ## ##       ##     ##  ##   ##  ##       ##
     ######    ##  ########  ######   ########  #########  ######  ######
     ##        ##  ##    ##  ##       ##     ## ##     ##       ## ##
     ##       #### ##     ## ######## ########  ##     ##  ######  ########

You're about to initialize a Firebase project in this directory:

  G:\programming hero\Milestone-12(Final Project)\doctors-portal-client

Before we get started, keep in mind:

  * You are initializing within an existing Firebase project directory

